0 info it worked if it ends with ok
1 verbose cli [ '/usr/local/Cellar/node/7.5.0/bin/node',
1 verbose cli   '/Users/aonghas/.npm-packages/bin/npm',
1 verbose cli   'start' ]
2 info using npm@4.1.2
3 info using node@v7.5.0
4 verbose run-script [ 'prestart', 'start', 'poststart' ]
5 info lifecycle react-essential@1.0.0~prestart: react-essential@1.0.0
6 silly lifecycle react-essential@1.0.0~prestart: no script for prestart, continuing
7 info lifecycle react-essential@1.0.0~start: react-essential@1.0.0
8 verbose lifecycle react-essential@1.0.0~start: unsafe-perm in lifecycle true
9 verbose lifecycle react-essential@1.0.0~start: PATH: /Users/aonghas/.npm-packages/lib/node_modules/npm/bin/node-gyp-bin:/www/sites/hax-codes/apps/react-intro/node_modules/.bin:/Users/aonghas/.npm-packages/bin:/usr/local/bin:/usr/local/bin:/usr/bin:/bin:/usr/sbin:/sbin:/usr/local/git/bin
10 verbose lifecycle react-essential@1.0.0~start: CWD: /www/sites/hax-codes/apps/react-intro
11 silly lifecycle react-essential@1.0.0~start: Args: [ '-c', 'webpack-dev-server' ]
12 silly lifecycle react-essential@1.0.0~start: Returned: code: 1  signal: null
13 info lifecycle react-essential@1.0.0~start: Failed to exec start script
14 verbose stack Error: react-essential@1.0.0 start: `webpack-dev-server`
14 verbose stack Exit status 1
14 verbose stack     at EventEmitter.<anonymous> (/Users/aonghas/.npm-packages/lib/node_modules/npm/lib/utils/lifecycle.js:279:16)
14 verbose stack     at emitTwo (events.js:106:13)
14 verbose stack     at EventEmitter.emit (events.js:192:7)
14 verbose stack     at ChildProcess.<anonymous> (/Users/aonghas/.npm-packages/lib/node_modules/npm/lib/utils/spawn.js:40:14)
14 verbose stack     at emitTwo (events.js:106:13)
14 verbose stack     at ChildProcess.emit (events.js:192:7)
14 verbose stack     at maybeClose (internal/child_process.js:890:16)
14 verbose stack     at Process.ChildProcess._handle.onexit (internal/child_process.js:226:5)
15 verbose pkgid react-essential@1.0.0
16 verbose cwd /www/sites/hax-codes/apps/react-intro
17 error Darwin 16.3.0
18 error argv "/usr/local/Cellar/node/7.5.0/bin/node" "/Users/aonghas/.npm-packages/bin/npm" "start"
19 error node v7.5.0
20 error npm  v4.1.2
21 error code ELIFECYCLE
22 error react-essential@1.0.0 start: `webpack-dev-server`
22 error Exit status 1
23 error Failed at the react-essential@1.0.0 start script 'webpack-dev-server'.
23 error Make sure you have the latest version of node.js and npm installed.
23 error If you do, this is most likely a problem with the react-essential package,
23 error not with npm itself.
23 error Tell the author that this fails on your system:
23 error     webpack-dev-server
23 error You can get information on how to open an issue for this project with:
23 error     npm bugs react-essential
23 error Or if that isn't available, you can get their info via:
23 error     npm owner ls react-essential
23 error There is likely additional logging output above.
24 verbose exit [ 1, true ]
